# JRE version: OpenJDK Runtime Environment Temurin-17.0.8.1+1 (17.0.8.1+1) (build 17.0.8.1+1)
# Java VM: OpenJDK 64-Bit Server VM Temurin-17.0.8.1+1 (17.0.8.1+1, mixed mode, tiered, compressed oops, compressed class ptrs, parallel gc, linux-amd64)
GC Precious Log:
 CPUs: 6 total, 6 available
 Memory: 15720M
 Large Page Support: Disabled
 NUMA Support: Disabled
 Compressed Oops: Enabled (32-bit)
 Alignments: Space 512K, Generation 512K, Heap 2M
 Heap Min Capacity: 100M
 Heap Initial Capacity: 100M
 Heap Max Capacity: 1G
 Pre-touch: Disabled
 Parallel Workers: 6
Heap:
 PSYoungGen      total 15872K, used 15843K [0x00000000eab00000, 0x00000000ec080000, 0x0000000100000000)
  eden space 14848K, 99% used [0x00000000eab00000,0x00000000eb97ffa0,0x00000000eb980000)
  from space 1024K, 97% used [0x00000000ebd80000,0x00000000ebe78f50,0x00000000ebe80000)
  to   space 2048K, 0% used [0x00000000ebe80000,0x00000000ebe80000,0x00000000ec080000)
 ParOldGen       total 137216K, used 127304K [0x00000000c0000000, 0x00000000c8600000, 0x00000000eab00000)
  object space 137216K, 92% used [0x00000000c0000000,0x00000000c7c522f8,0x00000000c8600000)
 Metaspace       used 97895K, committed 99264K, reserved 1179648K
  class space    used 10026K, committed 10560K, reserved 1048576K
GC Heap History (20 events):
Event: 4085.996 GC heap after
{Heap after GC invocations=1519 (full 69):
 PSYoungGen      total 15872K, used 544K [0x00000000eab00000, 0x00000000ebe80000, 0x0000000100000000)
  eden space 14848K, 0% used [0x00000000eab00000,0x00000000eab00000,0x00000000eb980000)
  from space 1024K, 53% used [0x00000000ebd80000,0x00000000ebe08000,0x00000000ebe80000)
  to   space 1024K, 0% used [0x00000000ebc80000,0x00000000ebc80000,0x00000000ebd80000)
 ParOldGen       total 137216K, used 112800K [0x00000000c0000000, 0x00000000c8600000, 0x00000000eab00000)
  object space 137216K, 82% used [0x00000000c0000000,0x00000000c6e281f8,0x00000000c8600000)
 Metaspace       used 97694K, committed 99008K, reserved 1179648K
  class space    used 10022K, committed 10560K, reserved 1048576K
}
Event: 4086.308 GC heap before
{Heap before GC invocations=1520 (full 69):
 PSYoungGen      total 15872K, used 15392K [0x00000000eab00000, 0x00000000ebe80000, 0x0000000100000000)
  eden space 14848K, 100% used [0x00000000eab00000,0x00000000eb980000,0x00000000eb980000)
  from space 1024K, 53% used [0x00000000ebd80000,0x00000000ebe08000,0x00000000ebe80000)
  to   space 1024K, 0% used [0x00000000ebc80000,0x00000000ebc80000,0x00000000ebd80000)
 ParOldGen       total 137216K, used 112800K [0x00000000c0000000, 0x00000000c8600000, 0x00000000eab00000)
  object space 137216K, 82% used [0x00000000c0000000,0x00000000c6e281f8,0x00000000c8600000)
 Metaspace       used 97702K, committed 99008K, reserved 1179648K
  class space    used 10022K, committed 10560K, reserved 1048576K
}
Event: 4086.315 GC heap after
{Heap after GC invocations=1520 (full 69):
 PSYoungGen      total 15872K, used 995K [0x00000000eab00000, 0x00000000ec680000, 0x0000000100000000)
  eden space 14848K, 0% used [0x00000000eab00000,0x00000000eab00000,0x00000000eb980000)
  from space 1024K, 97% used [0x00000000ebc80000,0x00000000ebd78f50,0x00000000ebd80000)
  to   space 6656K, 0% used [0x00000000ec000000,0x00000000ec000000,0x00000000ec680000)
 ParOldGen       total 137216K, used 117555K [0x00000000c0000000, 0x00000000c8600000, 0x00000000eab00000)
  object space 137216K, 85% used [0x00000000c0000000,0x00000000c72ccf78,0x00000000c8600000)
 Metaspace       used 97702K, committed 99008K, reserved 1179648K
  class space    used 10022K, committed 10560K, reserved 1048576K
}
Event: 4092.270 GC heap before
{Heap before GC invocations=1521 (full 69):
 PSYoungGen      total 15872K, used 15843K [0x00000000eab00000, 0x00000000ec680000, 0x0000000100000000)
  eden space 14848K, 99% used [0x00000000eab00000,0x00000000eb97ff20,0x00000000eb980000)
  from space 1024K, 97% used [0x00000000ebc80000,0x00000000ebd78f50,0x00000000ebd80000)
  to   space 6656K, 0% used [0x00000000ec000000,0x00000000ec000000,0x00000000ec680000)
 ParOldGen       total 137216K, used 117555K [0x00000000c0000000, 0x00000000c8600000, 0x00000000eab00000)
  object space 137216K, 85% used [0x00000000c0000000,0x00000000c72ccf78,0x00000000c8600000)
 Metaspace       used 97755K, committed 99072K, reserved 1179648K
  class space    used 10022K, committed 10560K, reserved 1048576K
}
Event: 4092.271 GC heap after
{Heap after GC invocations=1521 (full 69):
 PSYoungGen      total 15360K, used 416K [0x00000000eab00000, 0x00000000ec080000, 0x0000000100000000)
  eden space 14848K, 0% used [0x00000000eab00000,0x00000000eab00000,0x00000000eb980000)
  from space 512K, 81% used [0x00000000ec000000,0x00000000ec068000,0x00000000ec080000)
  to   space 2560K, 0% used [0x00000000ebb80000,0x00000000ebb80000,0x00000000ebe00000)
 ParOldGen       total 137216K, used 117595K [0x00000000c0000000, 0x00000000c8600000, 0x00000000eab00000)
  object space 137216K, 85% used [0x00000000c0000000,0x00000000c72d6f78,0x00000000c8600000)
 Metaspace       used 97755K, committed 99072K, reserved 1179648K
  class space    used 10022K, committed 10560K, reserved 1048576K
}
Event: 4092.327 GC heap before
{Heap before GC invocations=1522 (full 69):
 PSYoungGen      total 15360K, used 15264K [0x00000000eab00000, 0x00000000ec080000, 0x0000000100000000)
  eden space 14848K, 100% used [0x00000000eab00000,0x00000000eb980000,0x00000000eb980000)
  from space 512K, 81% used [0x00000000ec000000,0x00000000ec068000,0x00000000ec080000)
  to   space 2560K, 0% used [0x00000000ebb80000,0x00000000ebb80000,0x00000000ebe00000)
 ParOldGen       total 137216K, used 117595K [0x00000000c0000000, 0x00000000c8600000, 0x00000000eab00000)
  object space 137216K, 85% used [0x00000000c0000000,0x00000000c72d6f78,0x00000000c8600000)
 Metaspace       used 97758K, committed 99072K, reserved 1179648K
  class space    used 10022K, committed 10560K, reserved 1048576K
}
Event: 4092.330 GC heap after
{Heap after GC invocations=1522 (full 69):
 PSYoungGen      total 17408K, used 2531K [0x00000000eab00000, 0x00000000ec180000, 0x0000000100000000)
  eden space 14848K, 0% used [0x00000000eab00000,0x00000000eab00000,0x00000000eb980000)
  from space 2560K, 98% used [0x00000000ebb80000,0x00000000ebdf8f50,0x00000000ebe00000)
  to   space 3584K, 0% used [0x00000000ebe00000,0x00000000ebe00000,0x00000000ec180000)
 ParOldGen       total 137216K, used 118198K [0x00000000c0000000, 0x00000000c8600000, 0x00000000eab00000)
  object space 137216K, 86% used [0x00000000c0000000,0x00000000c736d878,0x00000000c8600000)
 Metaspace       used 97758K, committed 99072K, reserved 1179648K
  class space    used 10022K, committed 10560K, reserved 1048576K
}
Event: 4093.179 GC heap before
{Heap before GC invocations=1523 (full 69):
 PSYoungGen      total 17408K, used 17230K [0x00000000eab00000, 0x00000000ec180000, 0x0000000100000000)
  eden space 14848K, 98% used [0x00000000eab00000,0x00000000eb95aab0,0x00000000eb980000)
  from space 2560K, 98% used [0x00000000ebb80000,0x00000000ebdf8f50,0x00000000ebe00000)
  to   space 3584K, 0% used [0x00000000ebe00000,0x00000000ebe00000,0x00000000ec180000)
 ParOldGen       total 137216K, used 118198K [0x00000000c0000000, 0x00000000c8600000, 0x00000000eab00000)
  object space 137216K, 86% used [0x00000000c0000000,0x00000000c736d878,0x00000000c8600000)
 Metaspace       used 97767K, committed 99072K, reserved 1179648K
  class space    used 10022K, committed 10560K, reserved 1048576K
}
Event: 4093.182 GC heap after
{Heap after GC invocations=1523 (full 69):
 PSYoungGen      total 16896K, used 2016K [0x00000000eab00000, 0x00000000ec000000, 0x0000000100000000)
  eden space 14848K, 0% used [0x00000000eab00000,0x00000000eab00000,0x00000000eb980000)
  from space 2048K, 98% used [0x00000000ebe00000,0x00000000ebff8000,0x00000000ec000000)
  to   space 2560K, 0% used [0x00000000ebb00000,0x00000000ebb00000,0x00000000ebd80000)
 ParOldGen       total 137216K, used 120745K [0x00000000c0000000, 0x00000000c8600000, 0x00000000eab00000)
  object space 137216K, 87% used [0x00000000c0000000,0x00000000c75ea7d8,0x00000000c8600000)
 Metaspace       used 97767K, committed 99072K, reserved 1179648K
  class space    used 10022K, committed 10560K, reserved 1048576K
}
Event: 4136.848 GC heap before
{Heap before GC invocations=1524 (full 69):
 PSYoungGen      total 16896K, used 16864K [0x00000000eab00000, 0x00000000ec000000, 0x0000000100000000)
  eden space 14848K, 100% used [0x00000000eab00000,0x00000000eb980000,0x00000000eb980000)
  from space 2048K, 98% used [0x00000000ebe00000,0x00000000ebff8000,0x00000000ec000000)
  to   space 2560K, 0% used [0x00000000ebb00000,0x00000000ebb00000,0x00000000ebd80000)
 ParOldGen       total 137216K, used 120745K [0x00000000c0000000, 0x00000000c8600000, 0x00000000eab00000)
  object space 137216K, 87% used [0x00000000c0000000,0x00000000c75ea7d8,0x00000000c8600000)
 Metaspace       used 97778K, committed 99072K, reserved 1179648K
  class space    used 10023K, committed 10560K, reserved 1048576K
}
Event: 4136.852 GC heap after
{Heap after GC invocations=1524 (full 69):
 PSYoungGen      total 17408K, used 2531K [0x00000000eab00000, 0x00000000ec780000, 0x0000000100000000)
  eden space 14848K, 0% used [0x00000000eab00000,0x00000000eab00000,0x00000000eb980000)
  from space 2560K, 98% used [0x00000000ebb00000,0x00000000ebd78f50,0x00000000ebd80000)
  to   space 7168K, 0% used [0x00000000ec080000,0x00000000ec080000,0x00000000ec780000)
 ParOldGen       total 137216K, used 124457K [0x00000000c0000000, 0x00000000c8600000, 0x00000000eab00000)
  object space 137216K, 90% used [0x00000000c0000000,0x00000000c798a7d8,0x00000000c8600000)
 Metaspace       used 97778K, committed 99072K, reserved 1179648K
  class space    used 10023K, committed 10560K, reserved 1048576K
}
Event: 4195.934 GC heap before
{Heap before GC invocations=1525 (full 69):
 PSYoungGen      total 17408K, used 17379K [0x00000000eab00000, 0x00000000ec780000, 0x0000000100000000)
  eden space 14848K, 100% used [0x00000000eab00000,0x00000000eb980000,0x00000000eb980000)
  from space 2560K, 98% used [0x00000000ebb00000,0x00000000ebd78f50,0x00000000ebd80000)
  to   space 7168K, 0% used [0x00000000ec080000,0x00000000ec080000,0x00000000ec780000)
 ParOldGen       total 137216K, used 124457K [0x00000000c0000000, 0x00000000c8600000, 0x00000000eab00000)
  object space 137216K, 90% used [0x00000000c0000000,0x00000000c798a7d8,0x00000000c8600000)
 Metaspace       used 97783K, committed 99072K, reserved 1179648K
  class space    used 10023K, committed 10560K, reserved 1048576K
}
Event: 4195.940 GC heap after
{Heap after GC invocations=1525 (full 69):
 PSYoungGen      total 18432K, used 3522K [0x00000000eab00000, 0x00000000ec400000, 0x0000000100000000)
  eden space 14848K, 0% used [0x00000000eab00000,0x00000000eab00000,0x00000000eb980000)
  from space 3584K, 98% used [0x00000000ec080000,0x00000000ec3f09c0,0x00000000ec400000)
  to   space 4608K, 0% used [0x00000000ebb00000,0x00000000ebb00000,0x00000000ebf80000)
 ParOldGen       total 137216K, used 124497K [0x00000000c0000000, 0x00000000c8600000, 0x00000000eab00000)
  object space 137216K, 90% used [0x00000000c0000000,0x00000000c79947d8,0x00000000c8600000)
 Metaspace       used 97783K, committed 99072K, reserved 1179648K
  class space    used 10023K, committed 10560K, reserved 1048576K
}
Event: 4216.382 GC heap before
{Heap before GC invocations=1526 (full 69):
 PSYoungGen      total 18432K, used 18370K [0x00000000eab00000, 0x00000000ec400000, 0x0000000100000000)
  eden space 14848K, 99% used [0x00000000eab00000,0x00000000eb97ffe8,0x00000000eb980000)
  from space 3584K, 98% used [0x00000000ec080000,0x00000000ec3f09c0,0x00000000ec400000)
  to   space 4608K, 0% used [0x00000000ebb00000,0x00000000ebb00000,0x00000000ebf80000)
 ParOldGen       total 137216K, used 124497K [0x00000000c0000000, 0x00000000c8600000, 0x00000000eab00000)
  object space 137216K, 90% used [0x00000000c0000000,0x00000000c79947d8,0x00000000c8600000)
 Metaspace       used 97849K, committed 99136K, reserved 1179648K
  class space    used 10026K, committed 10560K, reserved 1048576K
}
Event: 4216.385 GC heap after
{Heap after GC invocations=1526 (full 69):
 PSYoungGen      total 15360K, used 288K [0x00000000eab00000, 0x00000000ec100000, 0x0000000100000000)
  eden space 14848K, 0% used [0x00000000eab00000,0x00000000eab00000,0x00000000eb980000)
  from space 512K, 56% used [0x00000000ebb00000,0x00000000ebb48000,0x00000000ebb80000)
  to   space 2048K, 0% used [0x00000000ebf00000,0x00000000ebf00000,0x00000000ec100000)
 ParOldGen       total 137216K, used 125078K [0x00000000c0000000, 0x00000000c8600000, 0x00000000eab00000)
  object space 137216K, 91% used [0x00000000c0000000,0x00000000c7a259d8,0x00000000c8600000)
 Metaspace       used 97849K, committed 99136K, reserved 1179648K
  class space    used 10026K, committed 10560K, reserved 1048576K
}
Event: 6012.180 GC heap before
{Heap before GC invocations=1527 (full 69):
 PSYoungGen      total 15360K, used 15135K [0x00000000eab00000, 0x00000000ec100000, 0x0000000100000000)
  eden space 14848K, 99% used [0x00000000eab00000,0x00000000eb97fff8,0x00000000eb980000)
  from space 512K, 56% used [0x00000000ebb00000,0x00000000ebb48000,0x00000000ebb80000)
  to   space 2048K, 0% used [0x00000000ebf00000,0x00000000ebf00000,0x00000000ec100000)
 ParOldGen       total 137216K, used 125078K [0x00000000c0000000, 0x00000000c8600000, 0x00000000eab00000)
  object space 137216K, 91% used [0x00000000c0000000,0x00000000c7a259d8,0x00000000c8600000)
 Metaspace       used 97863K, committed 99200K, reserved 1179648K
  class space    used 10026K, committed 10560K, reserved 1048576K
}
Event: 6012.182 GC heap after
{Heap after GC invocations=1527 (full 69):
 PSYoungGen      total 15360K, used 352K [0x00000000eab00000, 0x00000000ebf80000, 0x0000000100000000)
  eden space 14848K, 0% used [0x00000000eab00000,0x00000000eab00000,0x00000000eb980000)
  from space 512K, 68% used [0x00000000ebf00000,0x00000000ebf58000,0x00000000ebf80000)
  to   space 1024K, 0% used [0x00000000ebd80000,0x00000000ebd80000,0x00000000ebe80000)
 ParOldGen       total 137216K, used 125296K [0x00000000c0000000, 0x00000000c8600000, 0x00000000eab00000)
  object space 137216K, 91% used [0x00000000c0000000,0x00000000c7a5c2f8,0x00000000c8600000)
 Metaspace       used 97863K, committed 99200K, reserved 1179648K
  class space    used 10026K, committed 10560K, reserved 1048576K
}
Event: 7774.401 GC heap before
{Heap before GC invocations=1528 (full 69):
 PSYoungGen      total 15360K, used 15200K [0x00000000eab00000, 0x00000000ebf80000, 0x0000000100000000)
  eden space 14848K, 100% used [0x00000000eab00000,0x00000000eb980000,0x00000000eb980000)
  from space 512K, 68% used [0x00000000ebf00000,0x00000000ebf58000,0x00000000ebf80000)
  to   space 1024K, 0% used [0x00000000ebd80000,0x00000000ebd80000,0x00000000ebe80000)
 ParOldGen       total 137216K, used 125296K [0x00000000c0000000, 0x00000000c8600000, 0x00000000eab00000)
  object space 137216K, 91% used [0x00000000c0000000,0x00000000c7a5c2f8,0x00000000c8600000)
 Metaspace       used 97887K, committed 99264K, reserved 1179648K
  class space    used 10026K, committed 10560K, reserved 1048576K
}
Event: 7774.408 GC heap after
{Heap after GC invocations=1528 (full 69):
 PSYoungGen      total 15872K, used 995K [0x00000000eab00000, 0x00000000ec080000, 0x0000000100000000)
  eden space 14848K, 0% used [0x00000000eab00000,0x00000000eab00000,0x00000000eb980000)
  from space 1024K, 97% used [0x00000000ebd80000,0x00000000ebe78f50,0x00000000ebe80000)
  to   space 2048K, 0% used [0x00000000ebe80000,0x00000000ebe80000,0x00000000ec080000)
 ParOldGen       total 137216K, used 127304K [0x00000000c0000000, 0x00000000c8600000, 0x00000000eab00000)
  object space 137216K, 92% used [0x00000000c0000000,0x00000000c7c522f8,0x00000000c8600000)
 Metaspace       used 97887K, committed 99264K, reserved 1179648K
  class space    used 10026K, committed 10560K, reserved 1048576K
}
Event: 17911.583 GC heap before
{Heap before GC invocations=1529 (full 69):
 PSYoungGen      total 15872K, used 15843K [0x00000000eab00000, 0x00000000ec080000, 0x0000000100000000)
  eden space 14848K, 99% used [0x00000000eab00000,0x00000000eb97ffa0,0x00000000eb980000)
  from space 1024K, 97% used [0x00000000ebd80000,0x00000000ebe78f50,0x00000000ebe80000)
  to   space 2048K, 0% used [0x00000000ebe80000,0x00000000ebe80000,0x00000000ec080000)
 ParOldGen       total 137216K, used 127304K [0x00000000c0000000, 0x00000000c8600000, 0x00000000eab00000)
  object space 137216K, 92% used [0x00000000c0000000,0x00000000c7c522f8,0x00000000c8600000)
 Metaspace       used 97895K, committed 99264K, reserved 1179648K
  class space    used 10026K, committed 10560K, reserved 1048576K
}

