<?xml version="1.0" encoding="UTF-8"?>
<testng-results ignored="0" total="1" passed="1" failed="0" skipped="0">
  <reporter-output>
  </reporter-output>
  <suite started-at="2023-10-23T15:31:58 BDT" name="Surefire suite" finished-at="2023-10-23T15:32:12 BDT" duration-ms="13916">
    <groups>
    </groups>
    <test started-at="2023-10-23T15:31:58 BDT" name="Surefire test" finished-at="2023-10-23T15:32:12 BDT" duration-ms="13916">
      <class name="com.appium.AppTest">
        <test-method signature="Login()" started-at="2023-10-23T15:31:58 BDT" name="Login" finished-at="2023-10-23T15:32:12 BDT" duration-ms="13859" status="PASS">
          <reporter-output>
          </reporter-output>
        </test-method> <!-- Login -->
      </class> <!-- com.appium.AppTest -->
    </test> <!-- Surefire test -->
  </suite> <!-- Surefire suite -->
</testng-results>
